2025-03-25 17:51:59.044 INFO  com.example.MisApiNextApplication                 :55   [32m                  [0;39m Starting MisApiNextApplication using Java 15.0.2 on LAPTOP-KHO36JNU with PID 17560 (D:\study\体检系统\mis-api-next\mis-api-next\target\classes started by lenovo in D:\study\体检系统\mis-api-next\mis-api-next)
2025-03-25 17:51:59.047 INFO  com.example.MisApiNextApplication                 :631  [32m                  [0;39m No active profile set, falling back to 1 default profile: "default"
2025-03-25 17:51:59.532 INFO  o.s.d.r.config.RepositoryConfigurationDelegate    :132  [32m                  [0;39m Bootstrapping Spring Data MongoDB repositories in DEFAULT mode.
2025-03-25 17:51:59.541 INFO  o.s.d.r.config.RepositoryConfigurationDelegate    :201  [32m                  [0;39m Finished Spring Data repository scanning in 5 ms. Found 0 MongoDB repository interfaces.
2025-03-25 17:51:59.653 INFO  com.example.MisApiNextApplication                 :55   [32m                  [0;39m Starting MisApiNextApplication using Java 15.0.2 on LAPTOP-KHO36JNU with PID 29144 (D:\study\体检系统\mis-api-next\mis-api-next\target\classes started by lenovo in D:\study\体检系统\mis-api-next\mis-api-next)
2025-03-25 17:51:59.657 INFO  com.example.MisApiNextApplication                 :631  [32m                  [0;39m No active profile set, falling back to 1 default profile: "default"
2025-03-25 17:51:59.838 INFO  org.eclipse.jetty.util.log                        :170  [32m                  [0;39m Logging initialized @2485ms to org.eclipse.jetty.util.log.Slf4jLog
2025-03-25 17:51:59.961 INFO  o.s.b.w.e.jetty.JettyServletWebServerFactory      :166  [32m                  [0;39m Server initialized with port: 7700
2025-03-25 17:51:59.963 INFO  org.eclipse.jetty.server.Server                   :375  [32m                  [0;39m jetty-9.4.51.v20230217; built: 2023-02-17T08:19:37.309Z; git: b45c405e4544384de066f814ed42ae3dceacdd49; jvm 15.0.2+7-27
2025-03-25 17:51:59.985 INFO  o.e.j.server.handler.ContextHandler.application   :2368 [32m                  [0;39m Initializing Spring embedded WebApplicationContext
2025-03-25 17:51:59.985 INFO  o.s.b.w.s.c.ServletWebServerApplicationContext    :292  [32m                  [0;39m Root WebApplicationContext: initialization completed in 880 ms
2025-03-25 17:52:00.044 INFO  org.eclipse.jetty.server.session                  :334  [32m                  [0;39m DefaultSessionIdManager workerName=node0
2025-03-25 17:52:00.044 INFO  org.eclipse.jetty.server.session                  :339  [32m                  [0;39m No SessionScavenger set, using defaults
2025-03-25 17:52:00.045 INFO  org.eclipse.jetty.server.session                  :132  [32m                  [0;39m node0 Scavenging every 660000ms
2025-03-25 17:52:00.051 INFO  org.eclipse.jetty.server.handler.ContextHandler   :921  [32m                  [0;39m Started o.s.b.w.e.j.JettyEmbeddedWebAppContext@1d02af26{application,/mis-api,[file:///C:/Users/lenovo/AppData/Local/Temp/jetty-docbase.7700.10401727116917160328/],AVAILABLE}
2025-03-25 17:52:00.051 INFO  org.eclipse.jetty.server.Server                   :415  [32m                  [0;39m Started @2700ms
2025-03-25 17:52:00.066 INFO  o.s.d.r.config.RepositoryConfigurationDelegate    :132  [32m                  [0;39m Bootstrapping Spring Data MongoDB repositories in DEFAULT mode.
2025-03-25 17:52:00.073 INFO  o.s.d.r.config.RepositoryConfigurationDelegate    :201  [32m                  [0;39m Finished Spring Data repository scanning in 4 ms. Found 0 MongoDB repository interfaces.
2025-03-25 17:52:00.277 INFO  c.a.d.s.b.a.DruidDataSourceAutoConfigure          :55   [32m                  [0;39m Init DruidDataSource
2025-03-25 17:52:00.290 INFO  org.eclipse.jetty.util.log                        :170  [32m                  [0;39m Logging initialized @1716ms to org.eclipse.jetty.util.log.Slf4jLog
2025-03-25 17:52:00.391 INFO  o.s.b.w.e.jetty.JettyServletWebServerFactory      :166  [32m                  [0;39m Server initialized with port: 7700
2025-03-25 17:52:00.392 INFO  org.eclipse.jetty.server.Server                   :375  [32m                  [0;39m jetty-9.4.51.v20230217; built: 2023-02-17T08:19:37.309Z; git: b45c405e4544384de066f814ed42ae3dceacdd49; jvm 15.0.2+7-27
2025-03-25 17:52:00.408 INFO  o.e.j.server.handler.ContextHandler.application   :2368 [32m                  [0;39m Initializing Spring embedded WebApplicationContext
2025-03-25 17:52:00.409 INFO  o.s.b.w.s.c.ServletWebServerApplicationContext    :292  [32m                  [0;39m Root WebApplicationContext: initialization completed in 712 ms
2025-03-25 17:52:00.454 INFO  org.eclipse.jetty.server.session                  :334  [32m                  [0;39m DefaultSessionIdManager workerName=node0
2025-03-25 17:52:00.454 INFO  org.eclipse.jetty.server.session                  :339  [32m                  [0;39m No SessionScavenger set, using defaults
2025-03-25 17:52:00.455 INFO  org.eclipse.jetty.server.session                  :132  [32m                  [0;39m node0 Scavenging every 600000ms
2025-03-25 17:52:00.460 INFO  org.eclipse.jetty.server.handler.ContextHandler   :921  [32m                  [0;39m Started o.s.b.w.e.j.JettyEmbeddedWebAppContext@27df95e{application,/mis-api,[file:///C:/Users/lenovo/AppData/Local/Temp/jetty-docbase.7700.16159877270136956626/],AVAILABLE}
2025-03-25 17:52:00.460 INFO  org.eclipse.jetty.server.Server                   :415  [32m                  [0;39m Started @1888ms
2025-03-25 17:52:00.671 INFO  c.a.d.s.b.a.DruidDataSourceAutoConfigure          :55   [32m                  [0;39m Init DruidDataSource
2025-03-25 17:52:02.929 INFO  com.alibaba.druid.pool.DruidDataSource            :985  [32m                  [0;39m {dataSource-1} inited
2025-03-25 17:52:02.970 INFO  com.alibaba.druid.pool.DruidDataSource            :985  [32m                  [0;39m {dataSource-1} inited
2025-03-25 17:52:03.114 INFO  org.mongodb.driver.client                         :71   [32m                  [0;39m MongoClient with metadata {"driver": {"name": "mongo-java-driver|sync|spring-boot", "version": "4.6.1"}, "os": {"type": "Windows", "name": "Windows 10", "architecture": "amd64", "version": "10.0"}, "platform": "Java/Oracle Corporation/15.0.2+7-27"} created with settings MongoClientSettings{readPreference=primary, writeConcern=WriteConcern{w=null, wTimeout=null ms, journal=null}, retryWrites=true, retryReads=true, readConcern=ReadConcern{level=null}, credential=MongoCredential{mechanism=null, userName='admin', source='admin', password=<hidden>, mechanismProperties=<hidden>}, streamFactoryFactory=null, commandListeners=[], codecRegistry=ProvidersCodecRegistry{codecProviders=[ValueCodecProvider{}, BsonValueCodecProvider{}, DBRefCodecProvider{}, DBObjectCodecProvider{}, DocumentCodecProvider{}, IterableCodecProvider{}, MapCodecProvider{}, GeoJsonCodecProvider{}, GridFSFileCodecProvider{}, Jsr310CodecProvider{}, JsonObjectCodecProvider{}, BsonCodecProvider{}, EnumCodecProvider{}, com.mongodb.Jep395RecordCodecProvider@779228dc]}, clusterSettings={hosts=[121.40.242.197:7003], srvServiceName=mongodb, mode=SINGLE, requiredClusterType=UNKNOWN, requiredReplicaSetName='null', serverSelector='null', clusterListeners='[]', serverSelectionTimeout='30000 ms', localThreshold='30000 ms'}, socketSettings=SocketSettings{connectTimeoutMS=10000, readTimeoutMS=0, receiveBufferSize=0, sendBufferSize=0}, heartbeatSocketSettings=SocketSettings{connectTimeoutMS=10000, readTimeoutMS=10000, receiveBufferSize=0, sendBufferSize=0}, connectionPoolSettings=ConnectionPoolSettings{maxSize=100, minSize=0, maxWaitTimeMS=120000, maxConnectionLifeTimeMS=0, maxConnectionIdleTimeMS=0, maintenanceInitialDelayMS=0, maintenanceFrequencyMS=60000, connectionPoolListeners=[], maxConnecting=2}, serverSettings=ServerSettings{heartbeatFrequencyMS=10000, minHeartbeatFrequencyMS=500, serverListeners='[]', serverMonitorListeners='[]'}, sslSettings=SslSettings{enabled=false, invalidHostNameAllowed=false, context=null}, applicationName='null', compressorList=[], uuidRepresentation=JAVA_LEGACY, serverApi=null, autoEncryptionSettings=null, contextProvider=null}
2025-03-25 17:52:03.143 INFO  org.mongodb.driver.client                         :71   [32m                  [0;39m MongoClient with metadata {"driver": {"name": "mongo-java-driver|sync|spring-boot", "version": "4.6.1"}, "os": {"type": "Windows", "name": "Windows 10", "architecture": "amd64", "version": "10.0"}, "platform": "Java/Oracle Corporation/15.0.2+7-27"} created with settings MongoClientSettings{readPreference=primary, writeConcern=WriteConcern{w=null, wTimeout=null ms, journal=null}, retryWrites=true, retryReads=true, readConcern=ReadConcern{level=null}, credential=MongoCredential{mechanism=null, userName='admin', source='admin', password=<hidden>, mechanismProperties=<hidden>}, streamFactoryFactory=null, commandListeners=[], codecRegistry=ProvidersCodecRegistry{codecProviders=[ValueCodecProvider{}, BsonValueCodecProvider{}, DBRefCodecProvider{}, DBObjectCodecProvider{}, DocumentCodecProvider{}, IterableCodecProvider{}, MapCodecProvider{}, GeoJsonCodecProvider{}, GridFSFileCodecProvider{}, Jsr310CodecProvider{}, JsonObjectCodecProvider{}, BsonCodecProvider{}, EnumCodecProvider{}, com.mongodb.Jep395RecordCodecProvider@2b936b04]}, clusterSettings={hosts=[121.40.242.197:7003], srvServiceName=mongodb, mode=SINGLE, requiredClusterType=UNKNOWN, requiredReplicaSetName='null', serverSelector='null', clusterListeners='[]', serverSelectionTimeout='30000 ms', localThreshold='30000 ms'}, socketSettings=SocketSettings{connectTimeoutMS=10000, readTimeoutMS=0, receiveBufferSize=0, sendBufferSize=0}, heartbeatSocketSettings=SocketSettings{connectTimeoutMS=10000, readTimeoutMS=10000, receiveBufferSize=0, sendBufferSize=0}, connectionPoolSettings=ConnectionPoolSettings{maxSize=100, minSize=0, maxWaitTimeMS=120000, maxConnectionLifeTimeMS=0, maxConnectionIdleTimeMS=0, maintenanceInitialDelayMS=0, maintenanceFrequencyMS=60000, connectionPoolListeners=[], maxConnecting=2}, serverSettings=ServerSettings{heartbeatFrequencyMS=10000, minHeartbeatFrequencyMS=500, serverListeners='[]', serverMonitorListeners='[]'}, sslSettings=SslSettings{enabled=false, invalidHostNameAllowed=false, context=null}, applicationName='null', compressorList=[], uuidRepresentation=JAVA_LEGACY, serverApi=null, autoEncryptionSettings=null, contextProvider=null}
2025-03-25 17:52:03.162 INFO  org.mongodb.driver.connection                     :71   [32m                  [0;39m Opened connection [connectionId{localValue:1, serverValue:231}] to 121.40.242.197:7003
2025-03-25 17:52:03.177 INFO  org.mongodb.driver.connection                     :71   [32m                  [0;39m Opened connection [connectionId{localValue:2, serverValue:232}] to 121.40.242.197:7003
2025-03-25 17:52:03.178 INFO  org.mongodb.driver.cluster                        :71   [32m                  [0;39m Monitor thread successfully connected to server with description ServerDescription{address=121.40.242.197:7003, type=STANDALONE, state=CONNECTED, ok=true, minWireVersion=0, maxWireVersion=9, maxDocumentSize=16777216, logicalSessionTimeoutMinutes=30, roundTripTimeNanos=32929400}
2025-03-25 17:52:03.186 INFO  org.mongodb.driver.connection                     :71   [32m                  [0;39m Opened connection [connectionId{localValue:1, serverValue:233}] to 121.40.242.197:7003
2025-03-25 17:52:03.186 INFO  org.mongodb.driver.cluster                        :71   [32m                  [0;39m Monitor thread successfully connected to server with description ServerDescription{address=121.40.242.197:7003, type=STANDALONE, state=CONNECTED, ok=true, minWireVersion=0, maxWireVersion=9, maxDocumentSize=16777216, logicalSessionTimeoutMinutes=30, roundTripTimeNanos=32273500}
2025-03-25 17:52:03.190 INFO  org.mongodb.driver.connection                     :71   [32m                  [0;39m Opened connection [connectionId{localValue:2, serverValue:234}] to 121.40.242.197:7003
2025-03-25 17:52:03.304 INFO  o.e.j.server.handler.ContextHandler.application   :2368 [32m                  [0;39m Initializing Spring DispatcherServlet 'dispatcherServlet'
2025-03-25 17:52:03.304 INFO  org.springframework.web.servlet.DispatcherServlet :525  [32m                  [0;39m Initializing Servlet 'dispatcherServlet'
2025-03-25 17:52:03.305 INFO  org.springframework.web.servlet.DispatcherServlet :547  [32m                  [0;39m Completed initialization in 1 ms
2025-03-25 17:52:03.316 INFO  o.e.j.server.handler.ContextHandler.application   :2368 [32m                  [0;39m Initializing Spring DispatcherServlet 'dispatcherServlet'
2025-03-25 17:52:03.317 INFO  org.springframework.web.servlet.DispatcherServlet :525  [32m                  [0;39m Initializing Servlet 'dispatcherServlet'
2025-03-25 17:52:03.317 INFO  org.springframework.web.servlet.DispatcherServlet :547  [32m                  [0;39m Completed initialization in 0 ms
2025-03-25 17:52:03.322 INFO  org.eclipse.jetty.server.AbstractConnector        :383  [32m                  [0;39m Stopped ServerConnector@d613308{HTTP/1.1, (http/1.1)}{0.0.0.0:7700}
2025-03-25 17:52:03.323 INFO  org.eclipse.jetty.server.session                  :149  [32m                  [0;39m node0 Stopped scavenging
2025-03-25 17:52:03.323 INFO  o.e.j.server.handler.ContextHandler.application   :2368 [32m                  [0;39m Destroying Spring FrameworkServlet 'dispatcherServlet'
2025-03-25 17:52:03.324 INFO  org.eclipse.jetty.server.handler.ContextHandler   :1159 [32m                  [0;39m Stopped o.s.b.w.e.j.JettyEmbeddedWebAppContext@27df95e{application,/mis-api,[file:///C:/Users/lenovo/AppData/Local/Temp/jetty-docbase.7700.16159877270136956626/],STOPPED}
2025-03-25 17:52:03.325 WARN  o.s.b.w.s.c.AnnotationConfigServletWebServerApplicationContext:591  [32m                  [0;39m Exception encountered during context initialization - cancelling refresh attempt: org.springframework.context.ApplicationContextException: Failed to start bean 'webServerStartStop'; nested exception is org.springframework.boot.web.server.PortInUseException: Port 7700 is already in use
2025-03-25 17:52:03.328 INFO  com.alibaba.druid.pool.DruidDataSource            :2105 [32m                  [0;39m {dataSource-1} closing ...
2025-03-25 17:52:03.335 INFO  org.eclipse.jetty.server.AbstractConnector        :333  [32m                  [0;39m Started ServerConnector@7301eebe{HTTP/1.1, (http/1.1)}{0.0.0.0:7700}
2025-03-25 17:52:03.336 INFO  o.s.boot.web.embedded.jetty.JettyWebServer        :172  [32m                  [0;39m Jetty started on port(s) 7700 (http/1.1) with context path '/mis-api'
2025-03-25 17:52:03.343 INFO  com.example.MisApiNextApplication                 :61   [32m                  [0;39m Started MisApiNextApplication in 4.857 seconds (JVM running for 5.991)
2025-03-25 17:52:03.351 INFO  org.eclipse.jetty.server.AbstractConnector        :383  [32m                  [0;39m Stopped ServerConnector@7301eebe{HTTP/1.1, (http/1.1)}{0.0.0.0:7700}
2025-03-25 17:52:03.351 INFO  org.eclipse.jetty.server.session                  :149  [32m                  [0;39m node0 Stopped scavenging
2025-03-25 17:52:03.352 INFO  o.e.j.server.handler.ContextHandler.application   :2368 [32m                  [0;39m Destroying Spring FrameworkServlet 'dispatcherServlet'
2025-03-25 17:52:03.352 INFO  org.eclipse.jetty.server.handler.ContextHandler   :1159 [32m                  [0;39m Stopped o.s.b.w.e.j.JettyEmbeddedWebAppContext@1d02af26{application,/mis-api,[file:///C:/Users/lenovo/AppData/Local/Temp/jetty-docbase.7700.10401727116917160328/],STOPPED}
2025-03-25 17:52:03.356 INFO  com.alibaba.druid.pool.DruidDataSource            :2105 [32m                  [0;39m {dataSource-1} closing ...
2025-03-25 17:52:03.516 INFO  com.alibaba.druid.pool.DruidDataSource            :2178 [32m                  [0;39m {dataSource-1} closed
2025-03-25 17:52:03.569 INFO  com.alibaba.druid.pool.DruidDataSource            :2178 [32m                  [0;39m {dataSource-1} closed
2025-03-25 17:52:06.914 INFO  com.example.MisApiNextApplication                 :55   [32m                  [0;39m Starting MisApiNextApplication using Java 15.0.2 on LAPTOP-KHO36JNU with PID 23380 (D:\study\体检系统\mis-api-next\mis-api-next\target\classes started by lenovo in D:\study\体检系统\mis-api-next\mis-api-next)
2025-03-25 17:52:06.917 INFO  com.example.MisApiNextApplication                 :631  [32m                  [0;39m No active profile set, falling back to 1 default profile: "default"
2025-03-25 17:52:07.334 INFO  o.s.d.r.config.RepositoryConfigurationDelegate    :132  [32m                  [0;39m Bootstrapping Spring Data MongoDB repositories in DEFAULT mode.
2025-03-25 17:52:07.341 INFO  o.s.d.r.config.RepositoryConfigurationDelegate    :201  [32m                  [0;39m Finished Spring Data repository scanning in 4 ms. Found 0 MongoDB repository interfaces.
2025-03-25 17:52:07.543 INFO  org.eclipse.jetty.util.log                        :170  [32m                  [0;39m Logging initialized @1535ms to org.eclipse.jetty.util.log.Slf4jLog
2025-03-25 17:52:07.647 INFO  o.s.b.w.e.jetty.JettyServletWebServerFactory      :166  [32m                  [0;39m Server initialized with port: 7700
2025-03-25 17:52:07.649 INFO  org.eclipse.jetty.server.Server                   :375  [32m                  [0;39m jetty-9.4.51.v20230217; built: 2023-02-17T08:19:37.309Z; git: b45c405e4544384de066f814ed42ae3dceacdd49; jvm 15.0.2+7-27
2025-03-25 17:52:07.669 INFO  o.e.j.server.handler.ContextHandler.application   :2368 [32m                  [0;39m Initializing Spring embedded WebApplicationContext
2025-03-25 17:52:07.669 INFO  o.s.b.w.s.c.ServletWebServerApplicationContext    :292  [32m                  [0;39m Root WebApplicationContext: initialization completed in 708 ms
2025-03-25 17:52:07.717 INFO  org.eclipse.jetty.server.session                  :334  [32m                  [0;39m DefaultSessionIdManager workerName=node0
2025-03-25 17:52:07.717 INFO  org.eclipse.jetty.server.session                  :339  [32m                  [0;39m No SessionScavenger set, using defaults
2025-03-25 17:52:07.718 INFO  org.eclipse.jetty.server.session                  :132  [32m                  [0;39m node0 Scavenging every 600000ms
2025-03-25 17:52:07.723 INFO  org.eclipse.jetty.server.handler.ContextHandler   :921  [32m                  [0;39m Started o.s.b.w.e.j.JettyEmbeddedWebAppContext@9e54c59{application,/mis-api,[file:///C:/Users/lenovo/AppData/Local/Temp/jetty-docbase.7700.2401670870054427350/],AVAILABLE}
2025-03-25 17:52:07.723 INFO  org.eclipse.jetty.server.Server                   :415  [32m                  [0;39m Started @1716ms
2025-03-25 17:52:07.921 INFO  c.a.d.s.b.a.DruidDataSourceAutoConfigure          :55   [32m                  [0;39m Init DruidDataSource
2025-03-25 17:52:10.517 INFO  com.alibaba.druid.pool.DruidDataSource            :985  [32m                  [0;39m {dataSource-1} inited
2025-03-25 17:52:10.676 INFO  org.mongodb.driver.client                         :71   [32m                  [0;39m MongoClient with metadata {"driver": {"name": "mongo-java-driver|sync|spring-boot", "version": "4.6.1"}, "os": {"type": "Windows", "name": "Windows 10", "architecture": "amd64", "version": "10.0"}, "platform": "Java/Oracle Corporation/15.0.2+7-27"} created with settings MongoClientSettings{readPreference=primary, writeConcern=WriteConcern{w=null, wTimeout=null ms, journal=null}, retryWrites=true, retryReads=true, readConcern=ReadConcern{level=null}, credential=MongoCredential{mechanism=null, userName='admin', source='admin', password=<hidden>, mechanismProperties=<hidden>}, streamFactoryFactory=null, commandListeners=[], codecRegistry=ProvidersCodecRegistry{codecProviders=[ValueCodecProvider{}, BsonValueCodecProvider{}, DBRefCodecProvider{}, DBObjectCodecProvider{}, DocumentCodecProvider{}, IterableCodecProvider{}, MapCodecProvider{}, GeoJsonCodecProvider{}, GridFSFileCodecProvider{}, Jsr310CodecProvider{}, JsonObjectCodecProvider{}, BsonCodecProvider{}, EnumCodecProvider{}, com.mongodb.Jep395RecordCodecProvider@66715ca9]}, clusterSettings={hosts=[121.40.242.197:7003], srvServiceName=mongodb, mode=SINGLE, requiredClusterType=UNKNOWN, requiredReplicaSetName='null', serverSelector='null', clusterListeners='[]', serverSelectionTimeout='30000 ms', localThreshold='30000 ms'}, socketSettings=SocketSettings{connectTimeoutMS=10000, readTimeoutMS=0, receiveBufferSize=0, sendBufferSize=0}, heartbeatSocketSettings=SocketSettings{connectTimeoutMS=10000, readTimeoutMS=10000, receiveBufferSize=0, sendBufferSize=0}, connectionPoolSettings=ConnectionPoolSettings{maxSize=100, minSize=0, maxWaitTimeMS=120000, maxConnectionLifeTimeMS=0, maxConnectionIdleTimeMS=0, maintenanceInitialDelayMS=0, maintenanceFrequencyMS=60000, connectionPoolListeners=[], maxConnecting=2}, serverSettings=ServerSettings{heartbeatFrequencyMS=10000, minHeartbeatFrequencyMS=500, serverListeners='[]', serverMonitorListeners='[]'}, sslSettings=SslSettings{enabled=false, invalidHostNameAllowed=false, context=null}, applicationName='null', compressorList=[], uuidRepresentation=JAVA_LEGACY, serverApi=null, autoEncryptionSettings=null, contextProvider=null}
2025-03-25 17:52:10.730 INFO  org.mongodb.driver.connection                     :71   [32m                  [0;39m Opened connection [connectionId{localValue:2, serverValue:235}] to 121.40.242.197:7003
2025-03-25 17:52:10.730 INFO  org.mongodb.driver.connection                     :71   [32m                  [0;39m Opened connection [connectionId{localValue:1, serverValue:236}] to 121.40.242.197:7003
2025-03-25 17:52:10.730 INFO  org.mongodb.driver.cluster                        :71   [32m                  [0;39m Monitor thread successfully connected to server with description ServerDescription{address=121.40.242.197:7003, type=STANDALONE, state=CONNECTED, ok=true, minWireVersion=0, maxWireVersion=9, maxDocumentSize=16777216, logicalSessionTimeoutMinutes=30, roundTripTimeNanos=30495000}
2025-03-25 17:52:10.814 INFO  o.e.j.server.handler.ContextHandler.application   :2368 [32m                  [0;39m Initializing Spring DispatcherServlet 'dispatcherServlet'
2025-03-25 17:52:10.814 INFO  org.springframework.web.servlet.DispatcherServlet :525  [32m                  [0;39m Initializing Servlet 'dispatcherServlet'
2025-03-25 17:52:10.814 INFO  org.springframework.web.servlet.DispatcherServlet :547  [32m                  [0;39m Completed initialization in 0 ms
2025-03-25 17:52:10.841 INFO  org.eclipse.jetty.server.AbstractConnector        :333  [32m                  [0;39m Started ServerConnector@24f870ee{HTTP/1.1, (http/1.1)}{0.0.0.0:7700}
2025-03-25 17:52:10.842 INFO  o.s.boot.web.embedded.jetty.JettyWebServer        :172  [32m                  [0;39m Jetty started on port(s) 7700 (http/1.1) with context path '/mis-api'
2025-03-25 17:52:10.848 INFO  com.example.MisApiNextApplication                 :61   [32m                  [0;39m Started MisApiNextApplication in 4.287 seconds (JVM running for 4.841)
2025-03-25 17:52:59.119 INFO  org.eclipse.jetty.server.AbstractConnector        :383  [32m                  [0;39m Stopped ServerConnector@24f870ee{HTTP/1.1, (http/1.1)}{0.0.0.0:7700}
2025-03-25 17:52:59.119 INFO  org.eclipse.jetty.server.session                  :149  [32m                  [0;39m node0 Stopped scavenging
2025-03-25 17:52:59.120 INFO  o.e.j.server.handler.ContextHandler.application   :2368 [32m                  [0;39m Destroying Spring FrameworkServlet 'dispatcherServlet'
2025-03-25 17:52:59.120 INFO  org.eclipse.jetty.server.handler.ContextHandler   :1159 [32m                  [0;39m Stopped o.s.b.w.e.j.JettyEmbeddedWebAppContext@9e54c59{application,/mis-api,[file:///C:/Users/lenovo/AppData/Local/Temp/jetty-docbase.7700.2401670870054427350/],STOPPED}
2025-03-25 17:52:59.124 INFO  com.alibaba.druid.pool.DruidDataSource            :2105 [32m                  [0;39m {dataSource-1} closing ...
2025-03-25 17:52:59.679 INFO  com.alibaba.druid.pool.DruidDataSource            :2178 [32m                  [0;39m {dataSource-1} closed
2025-03-25 17:53:01.986 INFO  com.example.MisApiNextApplication                 :55   [32m                  [0;39m Starting MisApiNextApplication using Java 15.0.2 on LAPTOP-KHO36JNU with PID 18564 (D:\study\体检系统\mis-api-next\mis-api-next\target\classes started by lenovo in D:\study\体检系统\mis-api-next\mis-api-next)
2025-03-25 17:53:01.988 INFO  com.example.MisApiNextApplication                 :631  [32m                  [0;39m No active profile set, falling back to 1 default profile: "default"
2025-03-25 17:53:02.369 INFO  o.s.d.r.config.RepositoryConfigurationDelegate    :132  [32m                  [0;39m Bootstrapping Spring Data MongoDB repositories in DEFAULT mode.
2025-03-25 17:53:02.376 INFO  o.s.d.r.config.RepositoryConfigurationDelegate    :201  [32m                  [0;39m Finished Spring Data repository scanning in 3 ms. Found 0 MongoDB repository interfaces.
2025-03-25 17:53:02.558 INFO  org.eclipse.jetty.util.log                        :170  [32m                  [0;39m Logging initialized @1466ms to org.eclipse.jetty.util.log.Slf4jLog
2025-03-25 17:53:02.647 INFO  o.s.b.w.e.jetty.JettyServletWebServerFactory      :166  [32m                  [0;39m Server initialized with port: 7700
2025-03-25 17:53:02.649 INFO  org.eclipse.jetty.server.Server                   :375  [32m                  [0;39m jetty-9.4.51.v20230217; built: 2023-02-17T08:19:37.309Z; git: b45c405e4544384de066f814ed42ae3dceacdd49; jvm 15.0.2+7-27
2025-03-25 17:53:02.665 INFO  o.e.j.server.handler.ContextHandler.application   :2368 [32m                  [0;39m Initializing Spring embedded WebApplicationContext
2025-03-25 17:53:02.665 INFO  o.s.b.w.s.c.ServletWebServerApplicationContext    :292  [32m                  [0;39m Root WebApplicationContext: initialization completed in 643 ms
2025-03-25 17:53:02.707 INFO  org.eclipse.jetty.server.session                  :334  [32m                  [0;39m DefaultSessionIdManager workerName=node0
2025-03-25 17:53:02.708 INFO  org.eclipse.jetty.server.session                  :339  [32m                  [0;39m No SessionScavenger set, using defaults
2025-03-25 17:53:02.708 INFO  org.eclipse.jetty.server.session                  :132  [32m                  [0;39m node0 Scavenging every 660000ms
2025-03-25 17:53:02.712 INFO  org.eclipse.jetty.server.handler.ContextHandler   :921  [32m                  [0;39m Started o.s.b.w.e.j.JettyEmbeddedWebAppContext@9e54c59{application,/mis-api,[file:///C:/Users/lenovo/AppData/Local/Temp/jetty-docbase.7700.16253584090093112662/],AVAILABLE}
2025-03-25 17:53:02.713 INFO  org.eclipse.jetty.server.Server                   :415  [32m                  [0;39m Started @1621ms
2025-03-25 17:53:02.876 INFO  c.a.d.s.b.a.DruidDataSourceAutoConfigure          :55   [32m                  [0;39m Init DruidDataSource
2025-03-25 17:53:05.459 INFO  com.alibaba.druid.pool.DruidDataSource            :985  [32m                  [0;39m {dataSource-1} inited
2025-03-25 17:53:05.610 INFO  org.mongodb.driver.client                         :71   [32m                  [0;39m MongoClient with metadata {"driver": {"name": "mongo-java-driver|sync|spring-boot", "version": "4.6.1"}, "os": {"type": "Windows", "name": "Windows 10", "architecture": "amd64", "version": "10.0"}, "platform": "Java/Oracle Corporation/15.0.2+7-27"} created with settings MongoClientSettings{readPreference=primary, writeConcern=WriteConcern{w=null, wTimeout=null ms, journal=null}, retryWrites=true, retryReads=true, readConcern=ReadConcern{level=null}, credential=MongoCredential{mechanism=null, userName='admin', source='admin', password=<hidden>, mechanismProperties=<hidden>}, streamFactoryFactory=null, commandListeners=[], codecRegistry=ProvidersCodecRegistry{codecProviders=[ValueCodecProvider{}, BsonValueCodecProvider{}, DBRefCodecProvider{}, DBObjectCodecProvider{}, DocumentCodecProvider{}, IterableCodecProvider{}, MapCodecProvider{}, GeoJsonCodecProvider{}, GridFSFileCodecProvider{}, Jsr310CodecProvider{}, JsonObjectCodecProvider{}, BsonCodecProvider{}, EnumCodecProvider{}, com.mongodb.Jep395RecordCodecProvider@1209a0f]}, clusterSettings={hosts=[121.40.242.197:7003], srvServiceName=mongodb, mode=SINGLE, requiredClusterType=UNKNOWN, requiredReplicaSetName='null', serverSelector='null', clusterListeners='[]', serverSelectionTimeout='30000 ms', localThreshold='30000 ms'}, socketSettings=SocketSettings{connectTimeoutMS=10000, readTimeoutMS=0, receiveBufferSize=0, sendBufferSize=0}, heartbeatSocketSettings=SocketSettings{connectTimeoutMS=10000, readTimeoutMS=10000, receiveBufferSize=0, sendBufferSize=0}, connectionPoolSettings=ConnectionPoolSettings{maxSize=100, minSize=0, maxWaitTimeMS=120000, maxConnectionLifeTimeMS=0, maxConnectionIdleTimeMS=0, maintenanceInitialDelayMS=0, maintenanceFrequencyMS=60000, connectionPoolListeners=[], maxConnecting=2}, serverSettings=ServerSettings{heartbeatFrequencyMS=10000, minHeartbeatFrequencyMS=500, serverListeners='[]', serverMonitorListeners='[]'}, sslSettings=SslSettings{enabled=false, invalidHostNameAllowed=false, context=null}, applicationName='null', compressorList=[], uuidRepresentation=JAVA_LEGACY, serverApi=null, autoEncryptionSettings=null, contextProvider=null}
2025-03-25 17:53:05.651 INFO  org.mongodb.driver.connection                     :71   [32m                  [0;39m Opened connection [connectionId{localValue:1, serverValue:237}] to 121.40.242.197:7003
2025-03-25 17:53:05.659 INFO  org.mongodb.driver.connection                     :71   [32m                  [0;39m Opened connection [connectionId{localValue:2, serverValue:238}] to 121.40.242.197:7003
2025-03-25 17:53:05.659 INFO  org.mongodb.driver.cluster                        :71   [32m                  [0;39m Monitor thread successfully connected to server with description ServerDescription{address=121.40.242.197:7003, type=STANDALONE, state=CONNECTED, ok=true, minWireVersion=0, maxWireVersion=9, maxDocumentSize=16777216, logicalSessionTimeoutMinutes=30, roundTripTimeNanos=27809100}
2025-03-25 17:53:05.762 INFO  o.e.j.server.handler.ContextHandler.application   :2368 [32m                  [0;39m Initializing Spring DispatcherServlet 'dispatcherServlet'
2025-03-25 17:53:05.762 INFO  org.springframework.web.servlet.DispatcherServlet :525  [32m                  [0;39m Initializing Servlet 'dispatcherServlet'
2025-03-25 17:53:05.762 INFO  org.springframework.web.servlet.DispatcherServlet :547  [32m                  [0;39m Completed initialization in 0 ms
2025-03-25 17:53:05.785 INFO  org.eclipse.jetty.server.AbstractConnector        :333  [32m                  [0;39m Started ServerConnector@24f870ee{HTTP/1.1, (http/1.1)}{0.0.0.0:7700}
2025-03-25 17:53:05.785 INFO  o.s.boot.web.embedded.jetty.JettyWebServer        :172  [32m                  [0;39m Jetty started on port(s) 7700 (http/1.1) with context path '/mis-api'
2025-03-25 17:53:05.791 INFO  com.example.MisApiNextApplication                 :61   [32m                  [0;39m Started MisApiNextApplication in 4.138 seconds (JVM running for 4.7)
2025-03-25 17:53:51.428 INFO  org.eclipse.jetty.server.AbstractConnector        :383  [32m                  [0;39m Stopped ServerConnector@24f870ee{HTTP/1.1, (http/1.1)}{0.0.0.0:7700}
2025-03-25 17:53:51.428 INFO  org.eclipse.jetty.server.session                  :149  [32m                  [0;39m node0 Stopped scavenging
2025-03-25 17:53:51.429 INFO  o.e.j.server.handler.ContextHandler.application   :2368 [32m                  [0;39m Destroying Spring FrameworkServlet 'dispatcherServlet'
2025-03-25 17:53:51.429 INFO  org.eclipse.jetty.server.handler.ContextHandler   :1159 [32m                  [0;39m Stopped o.s.b.w.e.j.JettyEmbeddedWebAppContext@9e54c59{application,/mis-api,[file:///C:/Users/lenovo/AppData/Local/Temp/jetty-docbase.7700.16253584090093112662/],STOPPED}
2025-03-25 17:53:51.432 INFO  com.alibaba.druid.pool.DruidDataSource            :2105 [32m                  [0;39m {dataSource-1} closing ...
2025-03-25 17:53:51.638 INFO  com.alibaba.druid.pool.DruidDataSource            :2178 [32m                  [0;39m {dataSource-1} closed
