2025-03-25 17:34:55.769 [main] INFO  com.example.MisApiNextApplication
                -Starting MisApiNextApplication using Java 15.0.2 on LAPTOP-KHO36JNU with PID 11868 (D:\study\体检系统\mis-api-next\mis-api-next\target\classes started by lenovo in D:\study\体检系统\mis-api-next\mis-api-next)
2025-03-25 17:34:55.771 [main] INFO  com.example.MisApiNextApplication
                -No active profile set, falling back to 1 default profile: "default"
2025-03-25 17:34:56.144 [main] INFO  o.s.d.r.c.RepositoryConfigurationDelegate
                -Bootstrapping Spring Data MongoDB repositories in DEFAULT mode.
2025-03-25 17:34:56.154 [main] INFO  o.s.d.r.c.RepositoryConfigurationDelegate
                -Finished Spring Data repository scanning in 4 ms. Found 0 MongoDB repository interfaces.
2025-03-25 17:34:56.325 [main] INFO  org.eclipse.jetty.util.log
                -Logging initialized @1442ms to org.eclipse.jetty.util.log.Slf4jLog
2025-03-25 17:34:56.408 [main] INFO  o.s.b.w.e.j.JettyServletWebServerFactory
                -Server initialized with port: 7700
2025-03-25 17:34:56.410 [main] INFO  org.eclipse.jetty.server.Server
                -jetty-9.4.51.v20230217; built: 2023-02-17T08:19:37.309Z; git: b45c405e4544384de066f814ed42ae3dceacdd49; jvm 15.0.2+7-27
2025-03-25 17:34:56.424 [main] INFO  o.e.j.s.h.ContextHandler.application
                -Initializing Spring embedded WebApplicationContext
2025-03-25 17:34:56.425 [main] INFO  o.s.b.w.s.c.ServletWebServerApplicationContext
                -Root WebApplicationContext: initialization completed in 624 ms
2025-03-25 17:34:56.464 [main] INFO  org.eclipse.jetty.server.session
                -DefaultSessionIdManager workerName=node0
2025-03-25 17:34:56.465 [main] INFO  org.eclipse.jetty.server.session
                -No SessionScavenger set, using defaults
2025-03-25 17:34:56.465 [main] INFO  org.eclipse.jetty.server.session
                -node0 Scavenging every 600000ms
2025-03-25 17:34:56.470 [main] INFO  o.e.j.server.handler.ContextHandler
                -Started o.s.b.w.e.j.JettyEmbeddedWebAppContext@b46e103{application,/mis-api,[file:///C:/Users/lenovo/AppData/Local/Temp/jetty-docbase.7700.10880182880466338547/],AVAILABLE}
2025-03-25 17:34:56.470 [main] INFO  org.eclipse.jetty.server.Server
                -Started @1588ms
2025-03-25 17:34:56.621 [main] INFO  c.a.d.s.b.a.DruidDataSourceAutoConfigure
                -Init DruidDataSource
2025-03-25 17:34:58.414 [main] INFO  c.alibaba.druid.pool.DruidDataSource
                -{dataSource-1} inited
2025-03-25 17:34:58.564 [main] INFO  org.mongodb.driver.client
                -MongoClient with metadata {"driver": {"name": "mongo-java-driver|sync|spring-boot", "version": "4.6.1"}, "os": {"type": "Windows", "name": "Windows 10", "architecture": "amd64", "version": "10.0"}, "platform": "Java/Oracle Corporation/15.0.2+7-27"} created with settings MongoClientSettings{readPreference=primary, writeConcern=WriteConcern{w=null, wTimeout=null ms, journal=null}, retryWrites=true, retryReads=true, readConcern=ReadConcern{level=null}, credential=MongoCredential{mechanism=null, userName='admin', source='admin', password=<hidden>, mechanismProperties=<hidden>}, streamFactoryFactory=null, commandListeners=[], codecRegistry=ProvidersCodecRegistry{codecProviders=[ValueCodecProvider{}, BsonValueCodecProvider{}, DBRefCodecProvider{}, DBObjectCodecProvider{}, DocumentCodecProvider{}, IterableCodecProvider{}, MapCodecProvider{}, GeoJsonCodecProvider{}, GridFSFileCodecProvider{}, Jsr310CodecProvider{}, JsonObjectCodecProvider{}, BsonCodecProvider{}, EnumCodecProvider{}, com.mongodb.Jep395RecordCodecProvider@32b112a1]}, clusterSettings={hosts=[121.40.242.197:7003], srvServiceName=mongodb, mode=SINGLE, requiredClusterType=UNKNOWN, requiredReplicaSetName='null', serverSelector='null', clusterListeners='[]', serverSelectionTimeout='30000 ms', localThreshold='30000 ms'}, socketSettings=SocketSettings{connectTimeoutMS=10000, readTimeoutMS=0, receiveBufferSize=0, sendBufferSize=0}, heartbeatSocketSettings=SocketSettings{connectTimeoutMS=10000, readTimeoutMS=10000, receiveBufferSize=0, sendBufferSize=0}, connectionPoolSettings=ConnectionPoolSettings{maxSize=100, minSize=0, maxWaitTimeMS=120000, maxConnectionLifeTimeMS=0, maxConnectionIdleTimeMS=0, maintenanceInitialDelayMS=0, maintenanceFrequencyMS=60000, connectionPoolListeners=[], maxConnecting=2}, serverSettings=ServerSettings{heartbeatFrequencyMS=10000, minHeartbeatFrequencyMS=500, serverListeners='[]', serverMonitorListeners='[]'}, sslSettings=SslSettings{enabled=false, invalidHostNameAllowed=false, context=null}, applicationName='null', compressorList=[], uuidRepresentation=JAVA_LEGACY, serverApi=null, autoEncryptionSettings=null, contextProvider=null}
2025-03-25 17:34:58.606 [cluster-ClusterId{value='67e278c20d224667e88eca2a', description='null'}-121.40.242.197:7003] INFO  org.mongodb.driver.connection
                -Opened connection [connectionId{localValue:1, serverValue:220}] to 121.40.242.197:7003
2025-03-25 17:34:58.606 [cluster-rtt-ClusterId{value='67e278c20d224667e88eca2a', description='null'}-121.40.242.197:7003] INFO  org.mongodb.driver.connection
                -Opened connection [connectionId{localValue:2, serverValue:221}] to 121.40.242.197:7003
2025-03-25 17:34:58.606 [cluster-ClusterId{value='67e278c20d224667e88eca2a', description='null'}-121.40.242.197:7003] INFO  org.mongodb.driver.cluster
                -Monitor thread successfully connected to server with description ServerDescription{address=121.40.242.197:7003, type=STANDALONE, state=CONNECTED, ok=true, minWireVersion=0, maxWireVersion=9, maxDocumentSize=16777216, logicalSessionTimeoutMinutes=30, roundTripTimeNanos=30682901}
2025-03-25 17:34:58.757 [main] INFO  o.e.j.s.h.ContextHandler.application
                -Initializing Spring DispatcherServlet 'dispatcherServlet'
2025-03-25 17:34:58.758 [main] INFO  o.s.web.servlet.DispatcherServlet
                -Initializing Servlet 'dispatcherServlet'
2025-03-25 17:34:58.758 [main] INFO  o.s.web.servlet.DispatcherServlet
                -Completed initialization in 0 ms
2025-03-25 17:34:58.811 [main] INFO  o.e.jetty.server.AbstractConnector
                -Started ServerConnector@25673087{HTTP/1.1, (http/1.1)}{0.0.0.0:7700}
2025-03-25 17:34:58.812 [main] INFO  o.s.b.w.e.jetty.JettyWebServer
                -Jetty started on port(s) 7700 (http/1.1) with context path '/mis-api'
2025-03-25 17:34:58.823 [main] INFO  com.example.MisApiNextApplication
                -Started MisApiNextApplication in 3.408 seconds (JVM running for 3.941)
2025-03-25 17:35:25.231 [SpringApplicationShutdownHook] INFO  o.e.jetty.server.AbstractConnector
                -Stopped ServerConnector@25673087{HTTP/1.1, (http/1.1)}{0.0.0.0:7700}
2025-03-25 17:35:25.231 [SpringApplicationShutdownHook] INFO  org.eclipse.jetty.server.session
                -node0 Stopped scavenging
2025-03-25 17:35:25.232 [SpringApplicationShutdownHook] INFO  o.e.j.s.h.ContextHandler.application
                -Destroying Spring FrameworkServlet 'dispatcherServlet'
2025-03-25 17:35:25.233 [SpringApplicationShutdownHook] INFO  o.e.j.server.handler.ContextHandler
                -Stopped o.s.b.w.e.j.JettyEmbeddedWebAppContext@b46e103{application,/mis-api,[file:///C:/Users/lenovo/AppData/Local/Temp/jetty-docbase.7700.10880182880466338547/],STOPPED}
2025-03-25 17:35:25.239 [SpringApplicationShutdownHook] INFO  c.alibaba.druid.pool.DruidDataSource
                -{dataSource-1} closing ...
2025-03-25 17:35:25.410 [SpringApplicationShutdownHook] INFO  c.alibaba.druid.pool.DruidDataSource
                -{dataSource-1} closed
